<?xml version="1.0" encoding="UTF-8"?>
<!-- Generated by org.testng.reporters.JUnitReportReporter -->
<testsuite hostname="Tithi" failures="0" tests="1" name="testcases.HomePageTest" time="7.570" errors="0" timestamp="2023-09-29T17:12:43 EDT" skipped="0">
  <testcase classname="testcases.HomePageTest" name="verifylogo" time="7.570"/>
</testsuite> <!-- testcases.HomePageTest -->
