<?xml version="1.0" encoding="UTF-8"?>
<!-- Generated by org.testng.reporters.JUnitReportReporter -->
<testsuite hostname="Tithi" failures="0" tests="1" name="testcases.Add2CartTest" time="26.820" errors="0" timestamp="2023-09-29T17:12:43 EDT" skipped="0">
  <testcase classname="testcases.Add2CartTest" name="addproducttocart" time="26.820"/>
</testsuite> <!-- testcases.Add2CartTest -->
