<?xml version="1.0" encoding="UTF-8"?>
<!-- Generated by org.testng.reporters.JUnitReportReporter -->
<testsuite hostname="Tithi" failures="0" tests="1" name="testcases.EndtoEndTest" time="37.124" errors="0" timestamp="2023-09-29T17:12:43 EDT" skipped="0">
  <testcase classname="testcases.EndtoEndTest" name="End2EndTest" time="37.124"/>
</testsuite> <!-- testcases.EndtoEndTest -->
