<?xml version="1.0" encoding="UTF-8"?>
<!-- Generated by org.testng.reporters.JUnitReportReporter -->
<testsuite hostname="Tithi" failures="0" tests="2" name="testcases.IndexTest" time="46.201" errors="0" timestamp="2023-09-29T17:12:43 EDT" skipped="0">
  <testcase classname="testcases.IndexTest" name="selecteachorderoptions" time="27.992"/>
  <testcase classname="testcases.IndexTest" name="clickonuracct" time="18.209"/>
</testsuite> <!-- testcases.IndexTest -->
