<?xml version="1.0" encoding="UTF-8"?>
<!-- Generated by org.testng.reporters.JUnitReportReporter -->
<testsuite hostname="Tithi" failures="0" tests="2" name="testcases.MyAccountTest" time="41.648" errors="0" timestamp="2023-09-29T17:12:43 EDT" skipped="0">
  <testcase classname="testcases.MyAccountTest" name="confirmnewaddressisadded" time="15.970"/>
  <testcase classname="testcases.MyAccountTest" name="addnewaddressinmyaccount" time="25.678"/>
</testsuite> <!-- testcases.MyAccountTest -->
