<?xml version="1.0" encoding="UTF-8"?>
<!-- Generated by org.testng.reporters.JUnitReportReporter -->
<testsuite hostname="Tithi" failures="0" tests="1" name="testcases.SigninTest" time="15.132" errors="0" timestamp="2023-09-29T17:12:43 EDT" skipped="0">
  <testcase classname="testcases.SigninTest" name="signin" time="15.132"/>
</testsuite> <!-- testcases.SigninTest -->
