<?xml version="1.0" encoding="UTF-8"?>
<!-- Generated by org.testng.reporters.JUnitReportReporter -->
<testsuite hostname="Tithi" failures="0" tests="2" name="testcases.SRPTest" time="28.749" errors="0" timestamp="2023-09-29T17:12:43 EDT" skipped="0">
  <testcase classname="testcases.SRPTest" name="verifysearchbar" time="5.167"/>
  <testcase classname="testcases.SRPTest" name="opensearchproduct" time="23.582"/>
</testsuite> <!-- testcases.SRPTest -->
