<?xml version="1.0" encoding="UTF-8"?>
<!-- Generated by org.testng.reporters.JUnitReportReporter -->
<testsuite hostname="Tithi" failures="0" tests="1" name="testcases.CheckoutTest" time="16.058" errors="0" timestamp="2023-09-27T09:49:20 EDT" skipped="0">
  <testcase classname="testcases.CheckoutTest" name="opencheckout" time="16.058"/>
</testsuite> <!-- testcases.CheckoutTest -->
